<?xml version="1.0" encoding="UTF-8"?>
<!-- Generated by org.testng.reporters.JUnitReportReporter -->
<testsuite hostname="LAPTOP-244IHO30" failures="0" tests="2" name="demo.Log4JDemo" time="28.853" errors="0" timestamp="2023-03-11T12:44:24 IST" skipped="1">
  <testcase classname="demo.Log4JDemo" name="searchOnGooglePage" time="28.853"/>
  <system-out/>
  <testcase classname="demo.Log4JDemo" name="navigateToRegisterPage">
    <skipped/>
  </testcase> <!-- navigateToRegisterPage -->
  <system-out/>
</testsuite> <!-- demo.Log4JDemo -->
