<?xml version="1.0" encoding="UTF-8"?>
<!-- Generated by org.testng.reporters.JUnitReportReporter -->
<testsuite hostname="LAPTOP-244IHO30" failures="0" tests="1" name="demo.Locators2" time="10.892" errors="0" timestamp="2023-02-21T21:23:14 IST" skipped="0">
  <testcase classname="demo.Locators2" name="testMethod" time="10.892"/>
  <system-out/>
</testsuite> <!-- demo.Locators2 -->
