<?xml version="1.0" encoding="UTF-8"?>
<!-- Generated by org.testng.reporters.JUnitReportReporter -->
<testsuite hostname="LAPTOP-244IHO30" failures="0" tests="1" name="demo.ExtentReportsDemo" time="17.494" errors="0" timestamp="2023-03-11T18:35:25 IST" skipped="0">
  <testcase classname="demo.ExtentReportsDemo" name="extentReporterDemo" time="17.494"/>
  <system-out/>
</testsuite> <!-- demo.ExtentReportsDemo -->
